<?xml version="1.0" encoding="UTF-8"?>
<!-- Generated by org.testng.reporters.JUnitXMLReporter -->
<testsuite ignored="0" hostname="DESKTOP-1447BG9" failures="0" tests="6" name="Browser Search Engine Tests" time="44.397" errors="0" timestamp="2024-01-30T20:46:14 EST">
  <testcase classname="tests.MySelFireFoxTest" name="enterSearchAndValidateTextInFireFox" time="2.734"/>
  <testcase classname="tests.MySelChromeTest" name="enterSearchAndValidateTextInChrome" time="3.946"/>
  <testcase classname="tests.MySelFireFoxTest" name="enterSearchAndValidateTextInFireFox" time="1.771"/>
  <testcase classname="tests.MySelChromeTest" name="enterSearchAndValidateTextInChrome" time="1.805"/>
  <testcase classname="tests.MySelFireFoxTest" name="enterSearchAndValidateTextInFireFox" time="12.011"/>
  <testcase classname="tests.MySelChromeTest" name="enterSearchAndValidateTextInChrome" time="22.131"/>
</testsuite> <!-- Browser Search Engine Tests -->
