<?xml version="1.0" encoding="UTF-8"?>
<!-- Generated by org.testng.reporters.JUnitXMLReporter -->
<testsuite ignored="0" hostname="DESKTOP-1447BG9" failures="0" tests="4" name="Browser Search Engine Tests" time="14.421" errors="0" timestamp="2024-01-28T22:52:47 EST">
  <testcase classname="tests.MySelFireFoxTest" name="enterSearchAndValidateTextInFireFox" time="2.354"/>
  <testcase classname="tests.MySelChromeTest" name="enterSearchAndValidateTextInChrome" time="3.42"/>
  <testcase classname="tests.MySelFireFoxTest" name="enterSearchAndValidateTextInFireFox" time="1.302"/>
  <testcase classname="tests.MySelChromeTest" name="enterSearchAndValidateTextInChrome" time="2.677"/>
</testsuite> <!-- Browser Search Engine Tests -->
