<?xml version="1.0" encoding="UTF-8"?>
<testng-results ignored="0" total="4" passed="4" failed="0" skipped="0">
  <reporter-output>
    <line>
      <![CDATA[Text 'Clover: Credit Card Processing for Small Businesses | POS ...' found on search engine Google]]>
    </line>
    <line>
      <![CDATA[First Text 'clover' found on search engine Google]]>
    </line>
    <line>
      <![CDATA[Text 'Clover: Credit Card Processing for Small Businesses | POS ...' found on search engine Google]]>
    </line>
    <line>
      <![CDATA[URL 'clover' found on search engine Google]]>
    </line>
    <line>
      <![CDATA[First Text 'clover' found on search engine Google]]>
    </line>
    <line>
      <![CDATA[Text 'Clover Dashboard' found on search engine Bing]]>
    </line>
    <line>
      <![CDATA[First Text 'clover' found on search engine Bing]]>
    </line>
    <line>
      <![CDATA[Text 'Clover Dashboard' found on search engine Bing]]>
    </line>
    <line>
      <![CDATA[URL 'clover' found on search engine Bing]]>
    </line>
    <line>
      <![CDATA[First Text 'clover' found on search engine Bing]]>
    </line>
  </reporter-output>
  <suite started-at="2024-01-28T22:52:32 EST" name="Suite1" finished-at="2024-01-28T22:52:47 EST" duration-ms="14421">
    <groups>
    </groups>
    <test started-at="2024-01-28T22:52:32 EST" name="Browser Search Engine Tests" finished-at="2024-01-28T22:52:47 EST" duration-ms="14421">
      <class name="tests.MySelChromeTest">
        <test-method is-config="true" signature="SetUp()[pri:0, instance:tests.MySelChromeTest@15043a2f]" started-at="2024-01-28T22:52:32 EST" name="SetUp" finished-at="2024-01-28T22:52:34 EST" duration-ms="1842" status="PASS">
          <reporter-output>
          </reporter-output>
        </test-method> <!-- SetUp -->
        <test-method signature="enterSearchAndValidateTextInChrome(java.lang.String,java.lang.String,java.lang.String)[pri:0, instance:tests.MySelChromeTest@15043a2f]" started-at="2024-01-28T22:52:40 EST" name="enterSearchAndValidateTextInChrome" data-provider="TestData_Chrome" finished-at="2024-01-28T22:52:43 EST" duration-ms="3420" status="PASS">
          <params>
            <param index="0">
              <value>
                <![CDATA[clover]]>
              </value>
            </param>
            <param index="1">
              <value>
                <![CDATA[Clover: Credit Card Processing for Small Businesses | POS ...]]>
              </value>
            </param>
            <param index="2">
              <value>
                <![CDATA[Google]]>
              </value>
            </param>
          </params>
          <reporter-output>
            <line>
              <![CDATA[Text 'Clover: Credit Card Processing for Small Businesses | POS ...' found on search engine Google]]>
            </line>
            <line>
              <![CDATA[URL 'clover' found on search engine Google]]>
            </line>
            <line>
              <![CDATA[First Text 'clover' found on search engine Google]]>
            </line>
          </reporter-output>
        </test-method> <!-- enterSearchAndValidateTextInChrome -->
        <test-method signature="enterSearchAndValidateTextInChrome(java.lang.String,java.lang.String,java.lang.String)[pri:0, instance:tests.MySelChromeTest@15043a2f]" started-at="2024-01-28T22:52:43 EST" name="enterSearchAndValidateTextInChrome" data-provider="TestData_Chrome" finished-at="2024-01-28T22:52:46 EST" duration-ms="2677" status="PASS">
          <params>
            <param index="0">
              <value>
                <![CDATA[clover]]>
              </value>
            </param>
            <param index="1">
              <value>
                <![CDATA[Clover Dashboard]]>
              </value>
            </param>
            <param index="2">
              <value>
                <![CDATA[Bing]]>
              </value>
            </param>
          </params>
          <reporter-output>
            <line>
              <![CDATA[Text 'Clover Dashboard' found on search engine Bing]]>
            </line>
            <line>
              <![CDATA[URL 'clover' found on search engine Bing]]>
            </line>
            <line>
              <![CDATA[First Text 'clover' found on search engine Bing]]>
            </line>
          </reporter-output>
        </test-method> <!-- enterSearchAndValidateTextInChrome -->
        <test-method is-config="true" signature="teardown()[pri:0, instance:tests.MySelChromeTest@15043a2f]" started-at="2024-01-28T22:52:46 EST" name="teardown" finished-at="2024-01-28T22:52:46 EST" duration-ms="243" status="PASS">
          <reporter-output>
          </reporter-output>
        </test-method> <!-- teardown -->
      </class> <!-- tests.MySelChromeTest -->
      <class name="tests.MySelFireFoxTest">
        <test-method is-config="true" signature="SetUp()[pri:0, instance:tests.MySelFireFoxTest@2d901eb0]" started-at="2024-01-28T22:52:34 EST" name="SetUp" finished-at="2024-01-28T22:52:39 EST" duration-ms="4444" status="PASS">
          <reporter-output>
          </reporter-output>
        </test-method> <!-- SetUp -->
        <test-method signature="enterSearchAndValidateTextInFireFox(java.lang.String,java.lang.String,java.lang.String)[pri:0, instance:tests.MySelFireFoxTest@2d901eb0]" started-at="2024-01-28T22:52:40 EST" name="enterSearchAndValidateTextInFireFox" data-provider="TestData_FireFox" finished-at="2024-01-28T22:52:42 EST" duration-ms="2354" status="PASS">
          <params>
            <param index="0">
              <value>
                <![CDATA[clover]]>
              </value>
            </param>
            <param index="1">
              <value>
                <![CDATA[Clover: Credit Card Processing for Small Businesses | POS ...]]>
              </value>
            </param>
            <param index="2">
              <value>
                <![CDATA[Google]]>
              </value>
            </param>
          </params>
          <reporter-output>
            <line>
              <![CDATA[Text 'Clover: Credit Card Processing for Small Businesses | POS ...' found on search engine Google]]>
            </line>
            <line>
              <![CDATA[First Text 'clover' found on search engine Google]]>
            </line>
          </reporter-output>
        </test-method> <!-- enterSearchAndValidateTextInFireFox -->
        <test-method signature="enterSearchAndValidateTextInFireFox(java.lang.String,java.lang.String,java.lang.String)[pri:0, instance:tests.MySelFireFoxTest@2d901eb0]" started-at="2024-01-28T22:52:42 EST" name="enterSearchAndValidateTextInFireFox" data-provider="TestData_FireFox" finished-at="2024-01-28T22:52:43 EST" duration-ms="1302" status="PASS">
          <params>
            <param index="0">
              <value>
                <![CDATA[clover]]>
              </value>
            </param>
            <param index="1">
              <value>
                <![CDATA[Clover Dashboard]]>
              </value>
            </param>
            <param index="2">
              <value>
                <![CDATA[Bing]]>
              </value>
            </param>
          </params>
          <reporter-output>
            <line>
              <![CDATA[Text 'Clover Dashboard' found on search engine Bing]]>
            </line>
            <line>
              <![CDATA[First Text 'clover' found on search engine Bing]]>
            </line>
          </reporter-output>
        </test-method> <!-- enterSearchAndValidateTextInFireFox -->
        <test-method is-config="true" signature="teardown()[pri:0, instance:tests.MySelFireFoxTest@2d901eb0]" started-at="2024-01-28T22:52:46 EST" name="teardown" finished-at="2024-01-28T22:52:47 EST" duration-ms="964" status="PASS">
          <reporter-output>
          </reporter-output>
        </test-method> <!-- teardown -->
      </class> <!-- tests.MySelFireFoxTest -->
    </test> <!-- Browser Search Engine Tests -->
  </suite> <!-- Suite1 -->
</testng-results>
